This file contains any messages produced by compilers while
running configure, to aid debugging if configure makes a mistake.

It was created by Tauola C++ Interface configure 1.0.6, which was
generated by GNU Autoconf 2.59.  Invocation command line was

  $ ./configure --with-hepmc=/Users/carguelles/Programs/neutrinocommons/neutrinocommon/linked/hepmc/build

## --------- ##
## Platform. ##
## --------- ##

hostname = i3-dhcp-172-16-55-196.icecube.wisc.edu
uname -m = x86_64
uname -r = 12.2.1
uname -s = Darwin
uname -v = Darwin Kernel Version 12.2.1: Thu Oct 18 16:32:48 PDT 2012; root:xnu-2050.20.9~2/RELEASE_X86_64

/usr/bin/uname -p = i386
/bin/uname -X     = unknown

/bin/arch              = unknown
/usr/bin/arch -k       = unknown
/usr/convex/getsysinfo = unknown
hostinfo               = Mach kernel version:
	 Darwin Kernel Version 12.2.1: Thu Oct 18 16:32:48 PDT 2012; root:xnu-2050.20.9~2/RELEASE_X86_64
Kernel configured for up to 8 processors.
4 processors are physically available.
8 processors are logically available.
Processor type: i486 (Intel 80486)
Processors active: 0 1 2 3 4 5 6 7
Primary memory available: 8.00 gigabytes
Default processor set: 127 tasks, 741 threads, 8 processors
Load average: 2.88, Mach factor: 5.11
/bin/machine           = unknown
/usr/bin/oslevel       = unknown
/bin/universe          = unknown

PATH: /usr/local/bin
PATH: /usr/local/share/python
PATH: /usr/bin
PATH: /bin
PATH: /usr/sbin
PATH: /sbin
PATH: /usr/local/bin
PATH: /opt/X11/bin
PATH: /usr/texbin
PATH: /Users/carguelles/Programs/root/build/bin


## ----------- ##
## Core tests. ##
## ----------- ##

configure:1558: checking for a BSD-compatible install
configure:1613: result: /usr/bin/install -c
configure:1624: checking whether build environment is sane
configure:1667: result: yes
configure:1732: checking for gawk
configure:1761: result: no
configure:1732: checking for mawk
configure:1761: result: no
configure:1732: checking for nawk
configure:1761: result: no
configure:1732: checking for awk
configure:1748: found /usr/bin/awk
configure:1758: result: awk
configure:1768: checking whether make sets $(MAKE)
configure:1788: result: yes
configure:1971: checking if HepMC location defined
configure:1978: result: /Users/carguelles/Programs/neutrinocommons/neutrinocommon/linked/hepmc/build
configure:2003: checking for style of include used by make
configure:2031: result: GNU
configure:2108: checking for g++
configure:2124: found /usr/bin/g++
configure:2134: result: g++
configure:2150: checking for C++ compiler version
configure:2153: g++ --version </dev/null >&5
i686-apple-darwin11-llvm-g++-4.2 (GCC) 4.2.1 (Based on Apple Inc. build 5658) (LLVM build 2336.11.00)
Copyright (C) 2007 Free Software Foundation, Inc.
This is free software; see the source for copying conditions.  There is NO
warranty; not even for MERCHANTABILITY or FITNESS FOR A PARTICULAR PURPOSE.

configure:2156: $? = 0
configure:2158: g++ -v </dev/null >&5
Using built-in specs.
Target: i686-apple-darwin11
Configured with: /private/var/tmp/llvmgcc42/llvmgcc42-2336.11~67/src/configure --disable-checking --enable-werror --prefix=/Applications/Xcode.app/Contents/Developer/usr/llvm-gcc-4.2 --mandir=/share/man --enable-languages=c,objc,c++,obj-c++ --program-prefix=llvm- --program-transform-name=/^[cg][^.-]*$/s/$/-4.2/ --with-slibdir=/usr/lib --build=i686-apple-darwin11 --enable-llvm=/private/var/tmp/llvmgcc42/llvmgcc42-2336.11~67/dst-llvmCore/Developer/usr/local --program-prefix=i686-apple-darwin11- --host=x86_64-apple-darwin11 --target=i686-apple-darwin11 --with-gxx-include-dir=/usr/include/c++/4.2.1
Thread model: posix
gcc version 4.2.1 (Based on Apple Inc. build 5658) (LLVM build 2336.11.00)
configure:2161: $? = 0
configure:2163: g++ -V </dev/null >&5
llvm-g++-4.2: argument to `-V' is missing
configure:2166: $? = 1
configure:2189: checking for C++ compiler default output file name
configure:2192: g++    conftest.cc  >&5
configure:2195: $? = 0
configure:2241: result: a.out
configure:2246: checking whether the C++ compiler works
configure:2252: ./a.out
configure:2255: $? = 0
configure:2272: result: yes
configure:2279: checking whether we are cross compiling
configure:2281: result: no
configure:2284: checking for suffix of executables
configure:2286: g++ -o conftest    conftest.cc  >&5
configure:2289: $? = 0
configure:2314: result: 
configure:2320: checking for suffix of object files
configure:2341: g++ -c   conftest.cc >&5
configure:2344: $? = 0
configure:2366: result: o
configure:2370: checking whether we are using the GNU C++ compiler
configure:2394: g++ -c   conftest.cc >&5
configure:2400: $? = 0
configure:2404: test -z 
			 || test ! -s conftest.err
configure:2407: $? = 0
configure:2410: test -s conftest.o
configure:2413: $? = 0
configure:2426: result: yes
configure:2432: checking whether g++ accepts -g
configure:2453: g++ -c -g  conftest.cc >&5
configure:2459: $? = 0
configure:2463: test -z 
			 || test ! -s conftest.err
configure:2466: $? = 0
configure:2469: test -s conftest.o
configure:2472: $? = 0
configure:2483: result: yes
configure:2525: g++ -c -g -O2  conftest.cc >&5
configure:2531: $? = 0
configure:2535: test -z 
			 || test ! -s conftest.err
configure:2538: $? = 0
configure:2541: test -s conftest.o
configure:2544: $? = 0
configure:2570: g++ -c -g -O2  conftest.cc >&5
conftest.cc: In function 'int main()':
conftest.cc:15: error: 'exit' was not declared in this scope
configure:2576: $? = 1
configure: failed program was:
| /* confdefs.h.  */
| 
| #define PACKAGE_NAME "Tauola C++ Interface"
| #define PACKAGE_TARNAME "tauola-c---interface"
| #define PACKAGE_VERSION "1.0.6"
| #define PACKAGE_STRING "Tauola C++ Interface 1.0.6"
| #define PACKAGE_BUGREPORT "tomasz.przedzinski@cern.ch "
| #define PACKAGE "tauola-c---interface"
| #define VERSION "1.0.6"
| /* end confdefs.h.  */
| 
| int
| main ()
| {
| exit (42);
|   ;
|   return 0;
| }
configure:2525: g++ -c -g -O2  conftest.cc >&5
conftest.cc:11: error: 'void std::exit(int)' should have been declared inside 'std'
In file included from conftest.cc:12:
/usr/include/stdlib.h:159: error: declaration of 'void std::exit(int)' throws different exceptions
conftest.cc:11: error: from previous declaration 'void std::exit(int) throw ()'
configure:2531: $? = 1
configure: failed program was:
| /* confdefs.h.  */
| 
| #define PACKAGE_NAME "Tauola C++ Interface"
| #define PACKAGE_TARNAME "tauola-c---interface"
| #define PACKAGE_VERSION "1.0.6"
| #define PACKAGE_STRING "Tauola C++ Interface 1.0.6"
| #define PACKAGE_BUGREPORT "tomasz.przedzinski@cern.ch "
| #define PACKAGE "tauola-c---interface"
| #define VERSION "1.0.6"
| /* end confdefs.h.  */
| extern "C" void std::exit (int) throw (); using std::exit;
| #include <stdlib.h>
| int
| main ()
| {
| exit (42);
|   ;
|   return 0;
| }
configure:2525: g++ -c -g -O2  conftest.cc >&5
conftest.cc:11: error: 'void std::exit(int)' should have been declared inside 'std'
configure:2531: $? = 1
configure: failed program was:
| /* confdefs.h.  */
| 
| #define PACKAGE_NAME "Tauola C++ Interface"
| #define PACKAGE_TARNAME "tauola-c---interface"
| #define PACKAGE_VERSION "1.0.6"
| #define PACKAGE_STRING "Tauola C++ Interface 1.0.6"
| #define PACKAGE_BUGREPORT "tomasz.przedzinski@cern.ch "
| #define PACKAGE "tauola-c---interface"
| #define VERSION "1.0.6"
| /* end confdefs.h.  */
| extern "C" void std::exit (int); using std::exit;
| #include <stdlib.h>
| int
| main ()
| {
| exit (42);
|   ;
|   return 0;
| }
configure:2525: g++ -c -g -O2  conftest.cc >&5
In file included from conftest.cc:12:
/usr/include/stdlib.h:159: error: declaration of 'void exit(int)' throws different exceptions
conftest.cc:11: error: from previous declaration 'void exit(int) throw ()'
configure:2531: $? = 1
configure: failed program was:
| /* confdefs.h.  */
| 
| #define PACKAGE_NAME "Tauola C++ Interface"
| #define PACKAGE_TARNAME "tauola-c---interface"
| #define PACKAGE_VERSION "1.0.6"
| #define PACKAGE_STRING "Tauola C++ Interface 1.0.6"
| #define PACKAGE_BUGREPORT "tomasz.przedzinski@cern.ch "
| #define PACKAGE "tauola-c---interface"
| #define VERSION "1.0.6"
| /* end confdefs.h.  */
| extern "C" void exit (int) throw ();
| #include <stdlib.h>
| int
| main ()
| {
| exit (42);
|   ;
|   return 0;
| }
configure:2525: g++ -c -g -O2  conftest.cc >&5
configure:2531: $? = 0
configure:2535: test -z 
			 || test ! -s conftest.err
configure:2538: $? = 0
configure:2541: test -s conftest.o
configure:2544: $? = 0
configure:2570: g++ -c -g -O2  conftest.cc >&5
configure:2576: $? = 0
configure:2580: test -z 
			 || test ! -s conftest.err
configure:2583: $? = 0
configure:2586: test -s conftest.o
configure:2589: $? = 0
configure:2614: checking dependency style of g++
configure:2704: result: gcc3
configure:2727: checking how to run the C++ preprocessor
configure:2758: g++ -E  conftest.cc
configure:2764: $? = 0
configure:2796: g++ -E  conftest.cc
conftest.cc:14:28: error: ac_nonexistent.h: No such file or directory
configure:2802: $? = 1
configure: failed program was:
| /* confdefs.h.  */
| 
| #define PACKAGE_NAME "Tauola C++ Interface"
| #define PACKAGE_TARNAME "tauola-c---interface"
| #define PACKAGE_VERSION "1.0.6"
| #define PACKAGE_STRING "Tauola C++ Interface 1.0.6"
| #define PACKAGE_BUGREPORT "tomasz.przedzinski@cern.ch "
| #define PACKAGE "tauola-c---interface"
| #define VERSION "1.0.6"
| #ifdef __cplusplus
| extern "C" void exit (int);
| #endif
| /* end confdefs.h.  */
| #include <ac_nonexistent.h>
configure:2841: result: g++ -E
configure:2865: g++ -E  conftest.cc
configure:2871: $? = 0
configure:2903: g++ -E  conftest.cc
conftest.cc:14:28: error: ac_nonexistent.h: No such file or directory
configure:2909: $? = 1
configure: failed program was:
| /* confdefs.h.  */
| 
| #define PACKAGE_NAME "Tauola C++ Interface"
| #define PACKAGE_TARNAME "tauola-c---interface"
| #define PACKAGE_VERSION "1.0.6"
| #define PACKAGE_STRING "Tauola C++ Interface 1.0.6"
| #define PACKAGE_BUGREPORT "tomasz.przedzinski@cern.ch "
| #define PACKAGE "tauola-c---interface"
| #define VERSION "1.0.6"
| #ifdef __cplusplus
| extern "C" void exit (int);
| #endif
| /* end confdefs.h.  */
| #include <ac_nonexistent.h>
configure:2953: checking for egrep
configure:2963: result: grep -E
configure:2968: checking for ANSI C header files
configure:2993: g++ -c -g -O2  conftest.cc >&5
configure:2999: $? = 0
configure:3003: test -z 
			 || test ! -s conftest.err
configure:3006: $? = 0
configure:3009: test -s conftest.o
configure:3012: $? = 0
configure:3101: g++ -o conftest -g -O2   conftest.cc  >&5
configure:3104: $? = 0
configure:3106: ./conftest
configure:3109: $? = 0
configure:3124: result: yes
configure:3148: checking for sys/types.h
configure:3164: g++ -c -g -O2  conftest.cc >&5
configure:3170: $? = 0
configure:3174: test -z 
			 || test ! -s conftest.err
configure:3177: $? = 0
configure:3180: test -s conftest.o
configure:3183: $? = 0
configure:3194: result: yes
configure:3148: checking for sys/stat.h
configure:3164: g++ -c -g -O2  conftest.cc >&5
configure:3170: $? = 0
configure:3174: test -z 
			 || test ! -s conftest.err
configure:3177: $? = 0
configure:3180: test -s conftest.o
configure:3183: $? = 0
configure:3194: result: yes
configure:3148: checking for stdlib.h
configure:3164: g++ -c -g -O2  conftest.cc >&5
configure:3170: $? = 0
configure:3174: test -z 
			 || test ! -s conftest.err
configure:3177: $? = 0
configure:3180: test -s conftest.o
configure:3183: $? = 0
configure:3194: result: yes
configure:3148: checking for string.h
configure:3164: g++ -c -g -O2  conftest.cc >&5
configure:3170: $? = 0
configure:3174: test -z 
			 || test ! -s conftest.err
configure:3177: $? = 0
configure:3180: test -s conftest.o
configure:3183: $? = 0
configure:3194: result: yes
configure:3148: checking for memory.h
configure:3164: g++ -c -g -O2  conftest.cc >&5
configure:3170: $? = 0
configure:3174: test -z 
			 || test ! -s conftest.err
configure:3177: $? = 0
configure:3180: test -s conftest.o
configure:3183: $? = 0
configure:3194: result: yes
configure:3148: checking for strings.h
configure:3164: g++ -c -g -O2  conftest.cc >&5
configure:3170: $? = 0
configure:3174: test -z 
			 || test ! -s conftest.err
configure:3177: $? = 0
configure:3180: test -s conftest.o
configure:3183: $? = 0
configure:3194: result: yes
configure:3148: checking for inttypes.h
configure:3164: g++ -c -g -O2  conftest.cc >&5
configure:3170: $? = 0
configure:3174: test -z 
			 || test ! -s conftest.err
configure:3177: $? = 0
configure:3180: test -s conftest.o
configure:3183: $? = 0
configure:3194: result: yes
configure:3148: checking for stdint.h
configure:3164: g++ -c -g -O2  conftest.cc >&5
configure:3170: $? = 0
configure:3174: test -z 
			 || test ! -s conftest.err
configure:3177: $? = 0
configure:3180: test -s conftest.o
configure:3183: $? = 0
configure:3194: result: yes
configure:3148: checking for unistd.h
configure:3164: g++ -c -g -O2  conftest.cc >&5
configure:3170: $? = 0
configure:3174: test -z 
			 || test ! -s conftest.err
configure:3177: $? = 0
configure:3180: test -s conftest.o
configure:3183: $? = 0
configure:3194: result: yes
configure:3220: checking stdio.h usability
configure:3232: g++ -c -g -O2  conftest.cc >&5
configure:3238: $? = 0
configure:3242: test -z 
			 || test ! -s conftest.err
configure:3245: $? = 0
configure:3248: test -s conftest.o
configure:3251: $? = 0
configure:3261: result: yes
configure:3265: checking stdio.h presence
configure:3275: g++ -E  conftest.cc
configure:3281: $? = 0
configure:3301: result: yes
configure:3336: checking for stdio.h
configure:3343: result: yes
configure:3376: checking HepMC/Version.h usability
configure:3388: g++ -c -g -O2 -I/Users/carguelles/Programs/neutrinocommons/neutrinocommon/linked/hepmc/build/include  conftest.cc >&5
configure:3394: $? = 0
configure:3398: test -z 
			 || test ! -s conftest.err
configure:3401: $? = 0
configure:3404: test -s conftest.o
configure:3407: $? = 0
configure:3417: result: yes
configure:3421: checking HepMC/Version.h presence
configure:3431: g++ -E -I/Users/carguelles/Programs/neutrinocommons/neutrinocommon/linked/hepmc/build/include  conftest.cc
configure:3437: $? = 0
configure:3457: result: yes
configure:3492: checking for HepMC/Version.h
configure:3499: result: yes
configure:3537: checking HepMC/Units.h usability
configure:3549: g++ -c -g -O2 -I/Users/carguelles/Programs/neutrinocommons/neutrinocommon/linked/hepmc/build/include  conftest.cc >&5
configure:3555: $? = 0
configure:3559: test -z 
			 || test ! -s conftest.err
configure:3562: $? = 0
configure:3565: test -s conftest.o
configure:3568: $? = 0
configure:3578: result: yes
configure:3582: checking HepMC/Units.h presence
configure:3592: g++ -E -I/Users/carguelles/Programs/neutrinocommons/neutrinocommon/linked/hepmc/build/include  conftest.cc
configure:3598: $? = 0
configure:3618: result: yes
configure:3653: checking for HepMC/Units.h
configure:3660: result: yes
configure:3688: checking whether make sets $(MAKE)
configure:3708: result: yes
configure:3717: checking whether ln -s works
configure:3721: result: yes
configure:3774: checking for gcc
configure:3790: found /usr/bin/gcc
configure:3800: result: gcc
configure:4044: checking for C compiler version
configure:4047: gcc --version </dev/null >&5
i686-apple-darwin11-llvm-gcc-4.2 (GCC) 4.2.1 (Based on Apple Inc. build 5658) (LLVM build 2336.11.00)
Copyright (C) 2007 Free Software Foundation, Inc.
This is free software; see the source for copying conditions.  There is NO
warranty; not even for MERCHANTABILITY or FITNESS FOR A PARTICULAR PURPOSE.

configure:4050: $? = 0
configure:4052: gcc -v </dev/null >&5
Using built-in specs.
Target: i686-apple-darwin11
Configured with: /private/var/tmp/llvmgcc42/llvmgcc42-2336.11~67/src/configure --disable-checking --enable-werror --prefix=/Applications/Xcode.app/Contents/Developer/usr/llvm-gcc-4.2 --mandir=/share/man --enable-languages=c,objc,c++,obj-c++ --program-prefix=llvm- --program-transform-name=/^[cg][^.-]*$/s/$/-4.2/ --with-slibdir=/usr/lib --build=i686-apple-darwin11 --enable-llvm=/private/var/tmp/llvmgcc42/llvmgcc42-2336.11~67/dst-llvmCore/Developer/usr/local --program-prefix=i686-apple-darwin11- --host=x86_64-apple-darwin11 --target=i686-apple-darwin11 --with-gxx-include-dir=/usr/include/c++/4.2.1
Thread model: posix
gcc version 4.2.1 (Based on Apple Inc. build 5658) (LLVM build 2336.11.00)
configure:4055: $? = 0
configure:4057: gcc -V </dev/null >&5
llvm-gcc-4.2: argument to `-V' is missing
configure:4060: $? = 1
configure:4063: checking whether we are using the GNU C compiler
configure:4087: gcc -c  -I/Users/carguelles/Programs/neutrinocommons/neutrinocommon/linked/hepmc/build/include  conftest.c >&5
configure:4093: $? = 0
configure:4097: test -z 
			 || test ! -s conftest.err
configure:4100: $? = 0
configure:4103: test -s conftest.o
configure:4106: $? = 0
configure:4119: result: yes
configure:4125: checking whether gcc accepts -g
configure:4146: gcc -c -g -I/Users/carguelles/Programs/neutrinocommons/neutrinocommon/linked/hepmc/build/include  conftest.c >&5
configure:4152: $? = 0
configure:4156: test -z 
			 || test ! -s conftest.err
configure:4159: $? = 0
configure:4162: test -s conftest.o
configure:4165: $? = 0
configure:4176: result: yes
configure:4193: checking for gcc option to accept ANSI C
configure:4263: gcc  -c -g -O2 -I/Users/carguelles/Programs/neutrinocommons/neutrinocommon/linked/hepmc/build/include  conftest.c >&5
configure:4269: $? = 0
configure:4273: test -z 
			 || test ! -s conftest.err
configure:4276: $? = 0
configure:4279: test -s conftest.o
configure:4282: $? = 0
configure:4300: result: none needed
configure:4318: gcc -c -g -O2 -I/Users/carguelles/Programs/neutrinocommons/neutrinocommon/linked/hepmc/build/include  conftest.c >&5
conftest.c:2: error: expected '=', ',', ';', 'asm' or '__attribute__' before 'me'
configure:4324: $? = 1
configure: failed program was:
| #ifndef __cplusplus
|   choke me
| #endif
configure:4459: checking dependency style of gcc
configure:4549: result: gcc3
configure:4660: checking for C++ compiler version
configure:4663: g++ --version </dev/null >&5
i686-apple-darwin11-llvm-g++-4.2 (GCC) 4.2.1 (Based on Apple Inc. build 5658) (LLVM build 2336.11.00)
Copyright (C) 2007 Free Software Foundation, Inc.
This is free software; see the source for copying conditions.  There is NO
warranty; not even for MERCHANTABILITY or FITNESS FOR A PARTICULAR PURPOSE.

configure:4666: $? = 0
configure:4668: g++ -v </dev/null >&5
Using built-in specs.
Target: i686-apple-darwin11
Configured with: /private/var/tmp/llvmgcc42/llvmgcc42-2336.11~67/src/configure --disable-checking --enable-werror --prefix=/Applications/Xcode.app/Contents/Developer/usr/llvm-gcc-4.2 --mandir=/share/man --enable-languages=c,objc,c++,obj-c++ --program-prefix=llvm- --program-transform-name=/^[cg][^.-]*$/s/$/-4.2/ --with-slibdir=/usr/lib --build=i686-apple-darwin11 --enable-llvm=/private/var/tmp/llvmgcc42/llvmgcc42-2336.11~67/dst-llvmCore/Developer/usr/local --program-prefix=i686-apple-darwin11- --host=x86_64-apple-darwin11 --target=i686-apple-darwin11 --with-gxx-include-dir=/usr/include/c++/4.2.1
Thread model: posix
gcc version 4.2.1 (Based on Apple Inc. build 5658) (LLVM build 2336.11.00)
configure:4671: $? = 0
configure:4673: g++ -V </dev/null >&5
llvm-g++-4.2: argument to `-V' is missing
configure:4676: $? = 1
configure:4679: checking whether we are using the GNU C++ compiler
configure:4735: result: yes
configure:4741: checking whether g++ accepts -g
configure:4792: result: yes
configure:4834: g++ -c -g -O2 -I/Users/carguelles/Programs/neutrinocommons/neutrinocommon/linked/hepmc/build/include  conftest.cc >&5
configure:4840: $? = 0
configure:4844: test -z 
			 || test ! -s conftest.err
configure:4847: $? = 0
configure:4850: test -s conftest.o
configure:4853: $? = 0
configure:4879: g++ -c -g -O2 -I/Users/carguelles/Programs/neutrinocommons/neutrinocommon/linked/hepmc/build/include  conftest.cc >&5
configure:4885: $? = 0
configure:4889: test -z 
			 || test ! -s conftest.err
configure:4892: $? = 0
configure:4895: test -s conftest.o
configure:4898: $? = 0
configure:4923: checking dependency style of g++
configure:5013: result: gcc3
configure:5320: checking for gfortran
configure:5336: found /usr/local/bin/gfortran
configure:5346: result: gfortran
configure:5361: checking for Fortran 77 compiler version
configure:5364: gfortran --version </dev/null >&5
GNU Fortran (GCC) 4.2.1 (Apple Inc. build 5666) (dot 3)
Copyright (C) 2007 Free Software Foundation, Inc.

GNU Fortran comes with NO WARRANTY, to the extent permitted by law.
You may redistribute copies of GNU Fortran
under the terms of the GNU General Public License.
For more information about these matters, see the file named COPYING

configure:5367: $? = 0
configure:5369: gfortran -v </dev/null >&5
Using built-in specs.
Target: i686-apple-darwin11
Configured with: /Volumes/Media/Builds/gcc-5666.3/build/obj/src/configure --disable-checking --prefix=/usr --mandir=/share/man --enable-languages=c,objc,c++,obj-c++,fortran --program-transform-name=/^[cg][^.-]*$/s/$/-4.2/ --with-slibdir=/usr/lib --build=i686-apple-darwin11 --program-prefix=i686-apple-darwin11- --host=x86_64-apple-darwin11 --target=i686-apple-darwin11 --with-gxx-include-dir=/include/c++/4.2.1
Thread model: posix
gcc version 4.2.1 (Apple Inc. build 5666) (dot 3)
configure:5372: $? = 0
configure:5374: gfortran -V </dev/null >&5
gfortran: argument to `-V' is missing
configure:5377: $? = 1
configure:5385: checking whether we are using the GNU Fortran 77 compiler
configure:5399: gfortran -c  conftest.F >&5
configure:5405: $? = 0
configure:5409: test -z 
			 || test ! -s conftest.err
configure:5412: $? = 0
configure:5415: test -s conftest.o
configure:5418: $? = 0
configure:5431: result: yes
configure:5437: checking whether gfortran accepts -g
configure:5449: gfortran -c -g conftest.f >&5
configure:5455: $? = 0
configure:5459: test -z 
			 || test ! -s conftest.err
configure:5462: $? = 0
configure:5465: test -s conftest.o
configure:5468: $? = 0
configure:5480: result: yes
configure:5508: checking for an ANSI C-conforming const
configure:5575: g++ -c -g -O2 -I/Users/carguelles/Programs/neutrinocommons/neutrinocommon/linked/hepmc/build/include  conftest.cc >&5
configure:5581: $? = 0
configure:5585: test -z 
			 || test ! -s conftest.err
configure:5588: $? = 0
configure:5591: test -s conftest.o
configure:5594: $? = 0
configure:5605: result: yes
configure:5615: checking for inline
configure:5636: g++ -c -g -O2 -I/Users/carguelles/Programs/neutrinocommons/neutrinocommon/linked/hepmc/build/include  conftest.cc >&5
configure:5642: $? = 0
configure:5646: test -z 
			 || test ! -s conftest.err
configure:5649: $? = 0
configure:5652: test -s conftest.o
configure:5655: $? = 0
configure:5667: result: inline
configure:5686: checking for ptrdiff_t
configure:5710: g++ -c -g -O2 -I/Users/carguelles/Programs/neutrinocommons/neutrinocommon/linked/hepmc/build/include  conftest.cc >&5
configure:5716: $? = 0
configure:5720: test -z 
			 || test ! -s conftest.err
configure:5723: $? = 0
configure:5726: test -s conftest.o
configure:5729: $? = 0
configure:5740: result: yes
configure:5758: checking for stdlib.h
configure:5763: result: yes
configure:5903: checking for GNU libc compatible malloc
configure:5932: g++ -o conftest -g -O2 -I/Users/carguelles/Programs/neutrinocommons/neutrinocommon/linked/hepmc/build/include   conftest.cc  >&5
configure:5935: $? = 0
configure:5937: ./conftest
configure:5940: $? = 0
configure:5954: result: yes
configure:5988: checking for strftime
configure:6045: g++ -o conftest -g -O2 -I/Users/carguelles/Programs/neutrinocommons/neutrinocommon/linked/hepmc/build/include   conftest.cc  >&5
configure:6051: $? = 0
configure:6055: test -z 
			 || test ! -s conftest.err
configure:6058: $? = 0
configure:6061: test -s conftest
configure:6064: $? = 0
configure:6076: result: yes
configure:6167: checking for atexit
configure:6224: g++ -o conftest -g -O2 -I/Users/carguelles/Programs/neutrinocommons/neutrinocommon/linked/hepmc/build/include   conftest.cc  >&5
configure:6230: $? = 0
configure:6234: test -z 
			 || test ! -s conftest.err
configure:6237: $? = 0
configure:6240: test -s conftest
configure:6243: $? = 0
configure:6255: result: yes
configure:6167: checking for getcwd
configure:6224: g++ -o conftest -g -O2 -I/Users/carguelles/Programs/neutrinocommons/neutrinocommon/linked/hepmc/build/include   conftest.cc  >&5
configure:6230: $? = 0
configure:6234: test -z 
			 || test ! -s conftest.err
configure:6237: $? = 0
configure:6240: test -s conftest
configure:6243: $? = 0
configure:6255: result: yes
configure:6167: checking for pow
configure:6224: g++ -o conftest -g -O2 -I/Users/carguelles/Programs/neutrinocommons/neutrinocommon/linked/hepmc/build/include   conftest.cc  >&5
configure:6230: $? = 0
configure:6234: test -z 
			 || test ! -s conftest.err
configure:6237: $? = 0
configure:6240: test -s conftest
configure:6243: $? = 0
configure:6255: result: yes
configure:6167: checking for sqrt
configure:6224: g++ -o conftest -g -O2 -I/Users/carguelles/Programs/neutrinocommons/neutrinocommon/linked/hepmc/build/include   conftest.cc  >&5
configure:6230: $? = 0
configure:6234: test -z 
			 || test ! -s conftest.err
configure:6237: $? = 0
configure:6240: test -s conftest
configure:6243: $? = 0
configure:6255: result: yes
configure:6349: checking build system type
configure:6367: result: i686-apple-darwin12.2.1
configure:6375: checking host system type
configure:6389: result: i686-apple-darwin12.2.1
configure:6397: checking for a sed that does not truncate output
configure:6453: result: /usr/bin/sed
configure:6467: checking for ld used by gcc
configure:6534: result: /usr/llvm-gcc-4.2/libexec/gcc/i686-apple-darwin11/4.2.1/ld
configure:6543: checking if the linker (/usr/llvm-gcc-4.2/libexec/gcc/i686-apple-darwin11/4.2.1/ld) is GNU ld
configure:6558: result: no
configure:6563: checking for /usr/llvm-gcc-4.2/libexec/gcc/i686-apple-darwin11/4.2.1/ld option to reload object files
configure:6570: result: -r
configure:6588: checking for BSD-compatible nm
configure:6637: result: /usr/bin/nm
configure:6641: checking how to recognise dependent libraries
configure:6817: result: pass_all
configure:7054: checking how to run the C preprocessor
configure:7089: gcc -E -I/Users/carguelles/Programs/neutrinocommons/neutrinocommon/linked/hepmc/build/include  conftest.c
configure:7095: $? = 0
configure:7127: gcc -E -I/Users/carguelles/Programs/neutrinocommons/neutrinocommon/linked/hepmc/build/include  conftest.c
conftest.c:35:28: error: ac_nonexistent.h: No such file or directory
configure:7133: $? = 1
configure: failed program was:
| /* confdefs.h.  */
| 
| #define PACKAGE_NAME "Tauola C++ Interface"
| #define PACKAGE_TARNAME "tauola-c---interface"
| #define PACKAGE_VERSION "1.0.6"
| #define PACKAGE_STRING "Tauola C++ Interface 1.0.6"
| #define PACKAGE_BUGREPORT "tomasz.przedzinski@cern.ch "
| #define PACKAGE "tauola-c---interface"
| #define VERSION "1.0.6"
| #ifdef __cplusplus
| extern "C" void exit (int);
| #endif
| #define STDC_HEADERS 1
| #define HAVE_SYS_TYPES_H 1
| #define HAVE_SYS_STAT_H 1
| #define HAVE_STDLIB_H 1
| #define HAVE_STRING_H 1
| #define HAVE_MEMORY_H 1
| #define HAVE_STRINGS_H 1
| #define HAVE_INTTYPES_H 1
| #define HAVE_STDINT_H 1
| #define HAVE_UNISTD_H 1
| #define HAVE_STDIO_H 1
| #define HAVE_HEPMC_VERSION_H 1
| #define HAVE_HEPMC_UNITS_H 1
| #define HAVE_PTRDIFF_T 1
| #define HAVE_STDLIB_H 1
| #define HAVE_MALLOC 1
| #define HAVE_STRFTIME 1
| #define HAVE_ATEXIT 1
| #define HAVE_GETCWD 1
| #define HAVE_POW 1
| #define HAVE_SQRT 1
| /* end confdefs.h.  */
| #include <ac_nonexistent.h>
configure:7172: result: gcc -E
configure:7196: gcc -E -I/Users/carguelles/Programs/neutrinocommons/neutrinocommon/linked/hepmc/build/include  conftest.c
configure:7202: $? = 0
configure:7234: gcc -E -I/Users/carguelles/Programs/neutrinocommons/neutrinocommon/linked/hepmc/build/include  conftest.c
conftest.c:35:28: error: ac_nonexistent.h: No such file or directory
configure:7240: $? = 1
configure: failed program was:
| /* confdefs.h.  */
| 
| #define PACKAGE_NAME "Tauola C++ Interface"
| #define PACKAGE_TARNAME "tauola-c---interface"
| #define PACKAGE_VERSION "1.0.6"
| #define PACKAGE_STRING "Tauola C++ Interface 1.0.6"
| #define PACKAGE_BUGREPORT "tomasz.przedzinski@cern.ch "
| #define PACKAGE "tauola-c---interface"
| #define VERSION "1.0.6"
| #ifdef __cplusplus
| extern "C" void exit (int);
| #endif
| #define STDC_HEADERS 1
| #define HAVE_SYS_TYPES_H 1
| #define HAVE_SYS_STAT_H 1
| #define HAVE_STDLIB_H 1
| #define HAVE_STRING_H 1
| #define HAVE_MEMORY_H 1
| #define HAVE_STRINGS_H 1
| #define HAVE_INTTYPES_H 1
| #define HAVE_STDINT_H 1
| #define HAVE_UNISTD_H 1
| #define HAVE_STDIO_H 1
| #define HAVE_HEPMC_VERSION_H 1
| #define HAVE_HEPMC_UNITS_H 1
| #define HAVE_PTRDIFF_T 1
| #define HAVE_STDLIB_H 1
| #define HAVE_MALLOC 1
| #define HAVE_STRFTIME 1
| #define HAVE_ATEXIT 1
| #define HAVE_GETCWD 1
| #define HAVE_POW 1
| #define HAVE_SQRT 1
| /* end confdefs.h.  */
| #include <ac_nonexistent.h>
configure:7298: checking dlfcn.h usability
configure:7310: gcc -c -g -O2 -I/Users/carguelles/Programs/neutrinocommons/neutrinocommon/linked/hepmc/build/include  conftest.c >&5
configure:7316: $? = 0
configure:7320: test -z 
			 || test ! -s conftest.err
configure:7323: $? = 0
configure:7326: test -s conftest.o
configure:7329: $? = 0
configure:7339: result: yes
configure:7343: checking dlfcn.h presence
configure:7353: gcc -E -I/Users/carguelles/Programs/neutrinocommons/neutrinocommon/linked/hepmc/build/include  conftest.c
configure:7359: $? = 0
configure:7379: result: yes
configure:7414: checking for dlfcn.h
configure:7421: result: yes
configure:7444: checking how to run the C++ preprocessor
configure:7558: result: g++ -E
configure:7582: g++ -E -I/Users/carguelles/Programs/neutrinocommons/neutrinocommon/linked/hepmc/build/include  conftest.cc
configure:7588: $? = 0
configure:7620: g++ -E -I/Users/carguelles/Programs/neutrinocommons/neutrinocommon/linked/hepmc/build/include  conftest.cc
conftest.cc:36:28: error: ac_nonexistent.h: No such file or directory
configure:7626: $? = 1
configure: failed program was:
| /* confdefs.h.  */
| 
| #define PACKAGE_NAME "Tauola C++ Interface"
| #define PACKAGE_TARNAME "tauola-c---interface"
| #define PACKAGE_VERSION "1.0.6"
| #define PACKAGE_STRING "Tauola C++ Interface 1.0.6"
| #define PACKAGE_BUGREPORT "tomasz.przedzinski@cern.ch "
| #define PACKAGE "tauola-c---interface"
| #define VERSION "1.0.6"
| #ifdef __cplusplus
| extern "C" void exit (int);
| #endif
| #define STDC_HEADERS 1
| #define HAVE_SYS_TYPES_H 1
| #define HAVE_SYS_STAT_H 1
| #define HAVE_STDLIB_H 1
| #define HAVE_STRING_H 1
| #define HAVE_MEMORY_H 1
| #define HAVE_STRINGS_H 1
| #define HAVE_INTTYPES_H 1
| #define HAVE_STDINT_H 1
| #define HAVE_UNISTD_H 1
| #define HAVE_STDIO_H 1
| #define HAVE_HEPMC_VERSION_H 1
| #define HAVE_HEPMC_UNITS_H 1
| #define HAVE_PTRDIFF_T 1
| #define HAVE_STDLIB_H 1
| #define HAVE_MALLOC 1
| #define HAVE_STRFTIME 1
| #define HAVE_ATEXIT 1
| #define HAVE_GETCWD 1
| #define HAVE_POW 1
| #define HAVE_SQRT 1
| #define HAVE_DLFCN_H 1
| /* end confdefs.h.  */
| #include <ac_nonexistent.h>
configure:7676: checking the maximum length of command line arguments
configure:7785: result: 196608
configure:7796: checking command to parse /usr/bin/nm output from gcc object
configure:7901: g++ -c -g -O2 -I/Users/carguelles/Programs/neutrinocommons/neutrinocommon/linked/hepmc/build/include  conftest.cc >&5
configure:7904: $? = 0
configure:7908: /usr/bin/nm conftest.o \| sed -n -e 's/^.*[ 	]\([BCDEGRST][BCDEGRST]*\)[ 	][ 	]*\([_A-Za-z][_A-Za-z0-9]*\)$/\1 \2 \2/p' \> conftest.nm
configure:7911: $? = 0
cannot find nm_test_var in conftest.nm
configure:7901: g++ -c -g -O2 -I/Users/carguelles/Programs/neutrinocommons/neutrinocommon/linked/hepmc/build/include  conftest.cc >&5
configure:7904: $? = 0
configure:7908: /usr/bin/nm conftest.o \| sed -n -e 's/^.*[ 	]\([BCDEGRST][BCDEGRST]*\)[ 	][ 	]*_\([_A-Za-z][_A-Za-z0-9]*\)$/\1 _\2 \2/p' \> conftest.nm
configure:7911: $? = 0
configure:7963: g++ -o conftest -g -O2 -I/Users/carguelles/Programs/neutrinocommons/neutrinocommon/linked/hepmc/build/include   conftest.cc conftstm.o >&5
configure:7966: $? = 0
configure:8004: result: ok
configure:8008: checking for objdir
configure:8023: result: .libs
configure:8113: checking for ar
configure:8129: found /usr/bin/ar
configure:8140: result: ar
configure:8193: checking for ranlib
configure:8209: found /usr/bin/ranlib
configure:8220: result: ranlib
configure:8273: checking for strip
configure:8289: found /usr/bin/strip
configure:8300: result: strip
configure:8572: checking if gcc supports -fno-rtti -fno-exceptions
configure:8590: gcc -c -g -O2 -I/Users/carguelles/Programs/neutrinocommons/neutrinocommon/linked/hepmc/build/include  -fno-rtti -fno-exceptions conftest.c >&5
cc1: warning: command line option "-fno-rtti" is valid for C++/ObjC++ but not for C
configure:8594: $? = 0
configure:8607: result: no
configure:8622: checking for gcc option to produce PIC
configure:8832: result: -fno-common
configure:8840: checking if gcc PIC flag -fno-common works
configure:8858: gcc -c -g -O2 -I/Users/carguelles/Programs/neutrinocommons/neutrinocommon/linked/hepmc/build/include  -fno-common -DPIC conftest.c >&5
configure:8862: $? = 0
configure:8875: result: yes
configure:8903: checking if gcc static flag -static works
configure:8931: result: no
configure:8941: checking if gcc supports -c -o file.o
configure:8962: gcc -c -g -O2 -I/Users/carguelles/Programs/neutrinocommons/neutrinocommon/linked/hepmc/build/include  -o out/conftest2.o conftest.c >&5
configure:8966: $? = 0
configure:8988: result: yes
configure:9014: checking whether the gcc linker (/usr/llvm-gcc-4.2/libexec/gcc/i686-apple-darwin11/4.2.1/ld) supports shared libraries
configure:9972: result: yes
configure:10039: checking dynamic linker characteristics
configure:10648: result: darwin12.2.1 dyld
configure:10657: checking how to hardcode library paths into programs
configure:10682: result: immediate
configure:10696: checking whether stripping libraries is possible
configure:10709: result: yes
configure:11535: checking if libtool supports shared libraries
configure:11537: result: yes
configure:11540: checking whether to build shared libraries
configure:11561: result: yes
configure:11564: checking whether to build static libraries
configure:11568: result: yes
configure:11660: creating libtool
configure:12251: checking for ld used by g++
configure:12318: result: /usr/llvm-gcc-4.2/libexec/gcc/i686-apple-darwin11/4.2.1/ld
configure:12327: checking if the linker (/usr/llvm-gcc-4.2/libexec/gcc/i686-apple-darwin11/4.2.1/ld) is GNU ld
configure:12342: result: no
configure:12393: checking whether the g++ linker (/usr/llvm-gcc-4.2/libexec/gcc/i686-apple-darwin11/4.2.1/ld) supports shared libraries
configure:13331: result: yes
configure:13349: g++ -c -g -O2 -I/Users/carguelles/Programs/neutrinocommons/neutrinocommon/linked/hepmc/build/include  conftest.cpp >&5
configure:13352: $? = 0
configure:13471: checking for g++ option to produce PIC
configure:13745: result: -fno-common
configure:13753: checking if g++ PIC flag -fno-common works
configure:13771: g++ -c -g -O2 -I/Users/carguelles/Programs/neutrinocommons/neutrinocommon/linked/hepmc/build/include  -fno-common -DPIC conftest.cpp >&5
configure:13775: $? = 0
configure:13788: result: yes
configure:13816: checking if g++ static flag -static works
configure:13844: result: no
configure:13854: checking if g++ supports -c -o file.o
configure:13875: g++ -c -g -O2 -I/Users/carguelles/Programs/neutrinocommons/neutrinocommon/linked/hepmc/build/include  -o out/conftest2.o conftest.cpp >&5
configure:13879: $? = 0
configure:13901: result: yes
configure:13927: checking whether the g++ linker (/usr/llvm-gcc-4.2/libexec/gcc/i686-apple-darwin11/4.2.1/ld) supports shared libraries
configure:13952: result: yes
configure:14019: checking dynamic linker characteristics
configure:14628: result: darwin12.2.1 dyld
configure:14637: checking how to hardcode library paths into programs
configure:14662: result: immediate
configure:15191: checking if libtool supports shared libraries
configure:15193: result: yes
configure:15196: checking whether to build shared libraries
configure:15216: result: yes
configure:15219: checking whether to build static libraries
configure:15223: result: yes
configure:15233: checking for gfortran option to produce PIC
configure:15443: result: -fno-common
configure:15451: checking if gfortran PIC flag -fno-common works
configure:15469: gfortran -c -g -O2 -fno-common conftest.f >&5
configure:15473: $? = 0
configure:15486: result: yes
configure:15514: checking if gfortran static flag -static works
configure:15542: result: no
configure:15552: checking if gfortran supports -c -o file.o
configure:15573: gfortran -c -g -O2 -o out/conftest2.o conftest.f >&5
configure:15577: $? = 0
configure:15599: result: yes
configure:15625: checking whether the gfortran linker (/usr/llvm-gcc-4.2/libexec/gcc/i686-apple-darwin11/4.2.1/ld) supports shared libraries
configure:16563: result: yes
configure:16630: checking dynamic linker characteristics
configure:17239: result: darwin12.2.1 dyld
configure:17248: checking how to hardcode library paths into programs
configure:17273: result: immediate
configure:20879: checking for a BSD-compatible install
configure:20934: result: /usr/bin/install -c
configure:20945: checking whether ln -s works
configure:20949: result: yes
configure:20960: checking if Pythia8 location defined
configure:20974: result: no
configure:20994: checking if MC-TESTER location defined
configure:21008: result: no
configure:21249: creating ./config.status

## ---------------------- ##
## Running config.status. ##
## ---------------------- ##

This file was extended by Tauola C++ Interface config.status 1.0.6, which was
generated by GNU Autoconf 2.59.  Invocation command line was

  CONFIG_FILES    = 
  CONFIG_HEADERS  = 
  CONFIG_LINKS    = 
  CONFIG_COMMANDS = 
  $ ./config.status 

on i3-dhcp-172-16-55-196.icecube.wisc.edu

config.status:730: creating Makefile
config.status:730: creating src/Makefile
config.status:730: creating tauola-fortran/Makefile
config.status:730: creating examples/Makefile
config.status:834: creating config/config.h
config.status:964: config/config.h is unchanged
config.status:1144: executing depfiles commands

## ---------------- ##
## Cache variables. ##
## ---------------- ##

ac_cv_build=i686-apple-darwin12.2.1
ac_cv_build_alias=i686-apple-darwin12.2.1
ac_cv_c_compiler_gnu=yes
ac_cv_c_const=yes
ac_cv_c_inline=inline
ac_cv_cxx_compiler_gnu=yes
ac_cv_env_CC_set=
ac_cv_env_CC_value=
ac_cv_env_CFLAGS_set=
ac_cv_env_CFLAGS_value=
ac_cv_env_CPPFLAGS_set=
ac_cv_env_CPPFLAGS_value=
ac_cv_env_CPP_set=
ac_cv_env_CPP_value=
ac_cv_env_CXXCPP_set=
ac_cv_env_CXXCPP_value=
ac_cv_env_CXXFLAGS_set=
ac_cv_env_CXXFLAGS_value=
ac_cv_env_CXX_set=
ac_cv_env_CXX_value=
ac_cv_env_F77_set=
ac_cv_env_F77_value=
ac_cv_env_FFLAGS_set=
ac_cv_env_FFLAGS_value=
ac_cv_env_LDFLAGS_set=
ac_cv_env_LDFLAGS_value=
ac_cv_env_build_alias_set=
ac_cv_env_build_alias_value=
ac_cv_env_host_alias_set=
ac_cv_env_host_alias_value=
ac_cv_env_target_alias_set=
ac_cv_env_target_alias_value=
ac_cv_exeext=
ac_cv_f77_compiler_gnu=yes
ac_cv_func_atexit=yes
ac_cv_func_getcwd=yes
ac_cv_func_malloc_0_nonnull=yes
ac_cv_func_pow=yes
ac_cv_func_sqrt=yes
ac_cv_func_strftime=yes
ac_cv_header_HepMC_Units_h=yes
ac_cv_header_HepMC_Version_h=yes
ac_cv_header_dlfcn_h=yes
ac_cv_header_inttypes_h=yes
ac_cv_header_memory_h=yes
ac_cv_header_stdc=yes
ac_cv_header_stdint_h=yes
ac_cv_header_stdio_h=yes
ac_cv_header_stdlib_h=yes
ac_cv_header_string_h=yes
ac_cv_header_strings_h=yes
ac_cv_header_sys_stat_h=yes
ac_cv_header_sys_types_h=yes
ac_cv_header_unistd_h=yes
ac_cv_host=i686-apple-darwin12.2.1
ac_cv_host_alias=i686-apple-darwin12.2.1
ac_cv_objext=o
ac_cv_path_install='/usr/bin/install -c'
ac_cv_prog_AWK=awk
ac_cv_prog_CPP='gcc -E'
ac_cv_prog_CXXCPP='g++ -E'
ac_cv_prog_ac_ct_AR=ar
ac_cv_prog_ac_ct_CC=gcc
ac_cv_prog_ac_ct_CXX=g++
ac_cv_prog_ac_ct_F77=gfortran
ac_cv_prog_ac_ct_RANLIB=ranlib
ac_cv_prog_ac_ct_STRIP=strip
ac_cv_prog_cc_g=yes
ac_cv_prog_cc_stdc=
ac_cv_prog_cxx_g=yes
ac_cv_prog_egrep='grep -E'
ac_cv_prog_f77_g=yes
ac_cv_prog_make_make_set=yes
ac_cv_type_ptrdiff_t=yes
am_cv_CC_dependencies_compiler_type=gcc3
am_cv_CXX_dependencies_compiler_type=gcc3
lt_cv_deplibs_check_method=pass_all
lt_cv_file_magic_cmd='$MAGIC_CMD'
lt_cv_file_magic_test_file=
lt_cv_ld_reload_flag=-r
lt_cv_objdir=.libs
lt_cv_path_LD=/usr/llvm-gcc-4.2/libexec/gcc/i686-apple-darwin11/4.2.1/ld
lt_cv_path_LDCXX=/usr/llvm-gcc-4.2/libexec/gcc/i686-apple-darwin11/4.2.1/ld
lt_cv_path_NM=/usr/bin/nm
lt_cv_path_SED=/usr/bin/sed
lt_cv_prog_compiler_c_o=yes
lt_cv_prog_compiler_c_o_CXX=yes
lt_cv_prog_compiler_c_o_F77=yes
lt_cv_prog_compiler_rtti_exceptions=no
lt_cv_prog_gnu_ld=no
lt_cv_prog_gnu_ldcxx=no
lt_cv_sys_global_symbol_pipe='sed -n -e '\''s/^.*[ 	]\([BCDEGRST][BCDEGRST]*\)[ 	][ 	]*_\([_A-Za-z][_A-Za-z0-9]*\)$/\1 _\2 \2/p'\'''
lt_cv_sys_global_symbol_to_c_name_address='sed -n -e '\''s/^: \([^ ]*\) $/  {\"\1\", (lt_ptr) 0},/p'\'' -e '\''s/^[BCDEGRST] \([^ ]*\) \([^ ]*\)$/  {"\2", (lt_ptr) \&\2},/p'\'''
lt_cv_sys_global_symbol_to_cdecl='sed -n -e '\''s/^. .* \(.*\)$/extern int \1;/p'\'''
lt_cv_sys_max_cmd_len=196608
lt_lt_cv_prog_compiler_c_o='"yes"'
lt_lt_cv_prog_compiler_c_o_CXX='"yes"'
lt_lt_cv_prog_compiler_c_o_F77='"yes"'
lt_lt_cv_sys_global_symbol_pipe='"sed -n -e '\''s/^.*[ 	]\\([BCDEGRST][BCDEGRST]*\\)[ 	][ 	]*_\\([_A-Za-z][_A-Za-z0-9]*\\)\$/\\1 _\\2 \\2/p'\''"'
lt_lt_cv_sys_global_symbol_to_c_name_address='"sed -n -e '\''s/^: \\([^ ]*\\) \$/  {\\\"\\1\\\", (lt_ptr) 0},/p'\'' -e '\''s/^[BCDEGRST] \\([^ ]*\\) \\([^ ]*\\)\$/  {\"\\2\", (lt_ptr) \\&\\2},/p'\''"'
lt_lt_cv_sys_global_symbol_to_cdecl='"sed -n -e '\''s/^. .* \\(.*\\)\$/extern int \\1;/p'\''"'

## ----------------- ##
## Output variables. ##
## ----------------- ##

ACLOCAL='${SHELL} /Users/carguelles/Programs/neutrinocommons/neutrinocommon/linked/tauola/src/config/missing --run aclocal-1.9'
AMDEPBACKSLASH='\'
AMDEP_FALSE='#'
AMDEP_TRUE=''
AMTAR='${SHELL} /Users/carguelles/Programs/neutrinocommons/neutrinocommon/linked/tauola/src/config/missing --run tar'
AR='ar'
AUTOCONF='${SHELL} /Users/carguelles/Programs/neutrinocommons/neutrinocommon/linked/tauola/src/config/missing --run autoconf'
AUTOHEADER='${SHELL} /Users/carguelles/Programs/neutrinocommons/neutrinocommon/linked/tauola/src/config/missing --run autoheader'
AUTOMAKE='${SHELL} /Users/carguelles/Programs/neutrinocommons/neutrinocommon/linked/tauola/src/config/missing --run automake-1.9'
AWK='awk'
CC='gcc'
CCDEPMODE='depmode=gcc3'
CFLAGS='-g -O2'
CPP='gcc -E'
CPPFLAGS='-I/Users/carguelles/Programs/neutrinocommons/neutrinocommon/linked/hepmc/build/include '
CXX='g++'
CXXCPP='g++ -E'
CXXDEPMODE='depmode=gcc3'
CXXFLAGS='-g -O2'
CYGPATH_W='echo'
DEFS='-DHAVE_CONFIG_H'
DEPDIR='.deps'
ECHO='/bin/echo'
ECHO_C='ECHO_N=''
ECHO_T=''
EGREP='grep -E'
EXEEXT=''
F77='gfortran'
FFLAGS='-g -O2'
HAS_HEPMC_FALSE='#'
HAS_HEPMC_TRUE=''
HAS_MCTESTER_FALSE=''
HAS_MCTESTER_TRUE='#'
HAS_PYTHIA8_FALSE=''
HAS_PYTHIA8_TRUE='#'
HAS_ROOT_CONFIG=''
HEPMC_DIR='/Users/carguelles/Programs/neutrinocommons/neutrinocommon/linked/hepmc/build'
INSTALL_DATA='${INSTALL} -m 644'
INSTALL_PROGRAM='${INSTALL}'
INSTALL_SCRIPT='${INSTALL}'
INSTALL_STRIP_PROGRAM='${SHELL} $(install_sh) -c -s'
LDFLAGS=''
LIBOBJS=''
LIBS=''
LIBTOOL='$(SHELL) $(top_builddir)/libtool'
LN_S='ln -s'
LTLIBOBJS=''
MAKEINFO='${SHELL} /Users/carguelles/Programs/neutrinocommons/neutrinocommon/linked/tauola/src/config/missing --run makeinfo'
MCTESTER_DIR=''
OBJEXT='o'
PACKAGE='tauola-c---interface'
PACKAGE_BUGREPORT='tomasz.przedzinski@cern.ch '
PACKAGE_NAME='Tauola C++ Interface'
PACKAGE_STRING='Tauola C++ Interface 1.0.6'
PACKAGE_TARNAME='tauola-c---interface'
PACKAGE_VERSION='1.0.6'
PATH_SEPARATOR=':'
PYTHIA8_DIR=''
RANLIB='ranlib'
ROOTINC=''
ROOTLIBS=''
SED='/usr/bin/sed'
SET_MAKE=''
SHELL='/bin/sh'
STRIP='strip'
VERSION='1.0.6'
ac_ct_AR='ar'
ac_ct_CC='gcc'
ac_ct_CXX='g++'
ac_ct_F77='gfortran'
ac_ct_RANLIB='ranlib'
ac_ct_STRIP='strip'
am__fastdepCC_FALSE='#'
am__fastdepCC_TRUE=''
am__fastdepCXX_FALSE='#'
am__fastdepCXX_TRUE=''
am__include='include'
am__leading_dot='.'
am__quote=''
am__tar='${AMTAR} chof - "$$tardir"'
am__untar='${AMTAR} xf -'
bindir='${exec_prefix}/bin'
build='i686-apple-darwin12.2.1'
build_alias=''
build_cpu='i686'
build_os='darwin12.2.1'
build_vendor='apple'
datadir='${prefix}/share'
exec_prefix='${prefix}'
host='i686-apple-darwin12.2.1'
host_alias=''
host_cpu='i686'
host_os='darwin12.2.1'
host_vendor='apple'
includedir='${prefix}/include'
infodir='${prefix}/info'
install_sh='/Users/carguelles/Programs/neutrinocommons/neutrinocommon/linked/tauola/src/config/install-sh'
libdir='${exec_prefix}/lib'
libexecdir='${exec_prefix}/libexec'
localstatedir='${prefix}/var'
mandir='${prefix}/man'
mkdir_p='$(install_sh) -d'
oldincludedir='/usr/include'
prefix='/Users/carguelles/Programs/neutrinocommons/neutrinocommon/linked/tauola/src'
program_transform_name='s,x,x,'
sbindir='${exec_prefix}/sbin'
sharedstatedir='${prefix}/com'
sysconfdir='${prefix}/etc'
target_alias=''

## ----------- ##
## confdefs.h. ##
## ----------- ##

#define HAVE_ATEXIT 1
#define HAVE_DLFCN_H 1
#define HAVE_GETCWD 1
#define HAVE_HEPMC_UNITS_H 1
#define HAVE_HEPMC_VERSION_H 1
#define HAVE_INTTYPES_H 1
#define HAVE_MALLOC 1
#define HAVE_MEMORY_H 1
#define HAVE_POW 1
#define HAVE_PTRDIFF_T 1
#define HAVE_SQRT 1
#define HAVE_STDINT_H 1
#define HAVE_STDIO_H 1
#define HAVE_STDLIB_H 1
#define HAVE_STDLIB_H 1
#define HAVE_STRFTIME 1
#define HAVE_STRINGS_H 1
#define HAVE_STRING_H 1
#define HAVE_SYS_STAT_H 1
#define HAVE_SYS_TYPES_H 1
#define HAVE_UNISTD_H 1
#define PACKAGE "tauola-c---interface"
#define PACKAGE_BUGREPORT "tomasz.przedzinski@cern.ch "
#define PACKAGE_NAME "Tauola C++ Interface"
#define PACKAGE_STRING "Tauola C++ Interface 1.0.6"
#define PACKAGE_TARNAME "tauola-c---interface"
#define PACKAGE_VERSION "1.0.6"
#define STDC_HEADERS 1
#define VERSION "1.0.6"
#endif
#ifdef __cplusplus
extern "C" void exit (int);

configure: exit 0
